** Daemonized, any open files are closed.  Look at log/mongrel.pid and log/mongrel.log for info.
** Starting Mongrel listening at 0.0.0.0:4001
/Library/Ruby/Gems/1.8/gems/mongrel-1.1.5/bin/../lib/mongrel/tcphack.rb:12:in `initialize_without_backlog': Address already in use - bind(2) (Errno::EADDRINUSE)
	from /Library/Ruby/Gems/1.8/gems/mongrel-1.1.5/bin/../lib/mongrel/tcphack.rb:12:in `initialize'
	from /Library/Ruby/Gems/1.8/gems/mongrel-1.1.5/bin/../lib/mongrel.rb:93:in `new'
	from /Library/Ruby/Gems/1.8/gems/mongrel-1.1.5/bin/../lib/mongrel.rb:93:in `initialize'
	from /Library/Ruby/Gems/1.8/gems/mongrel-1.1.5/bin/../lib/mongrel/configurator.rb:139:in `new'
	from /Library/Ruby/Gems/1.8/gems/mongrel-1.1.5/bin/../lib/mongrel/configurator.rb:139:in `listener'
	from /Library/Ruby/Gems/1.8/gems/mongrel-1.1.5/bin/mongrel_rails:99:in `cloaker_'
	from /Library/Ruby/Gems/1.8/gems/mongrel-1.1.5/bin/../lib/mongrel/configurator.rb:50:in `call'
	from /Library/Ruby/Gems/1.8/gems/mongrel-1.1.5/bin/../lib/mongrel/configurator.rb:50:in `initialize'
	from /Library/Ruby/Gems/1.8/gems/mongrel-1.1.5/bin/mongrel_rails:84:in `new'
	from /Library/Ruby/Gems/1.8/gems/mongrel-1.1.5/bin/mongrel_rails:84:in `run'
	from /Library/Ruby/Gems/1.8/gems/mongrel-1.1.5/bin/../lib/mongrel/command.rb:212:in `run'
	from /Library/Ruby/Gems/1.8/gems/mongrel-1.1.5/bin/mongrel_rails:281
	from /usr/bin/mongrel_rails:19:in `load'
	from /usr/bin/mongrel_rails:19
** Daemonized, any open files are closed.  Look at log/mongrel.pid and log/mongrel.log for info.
** Starting Mongrel listening at 0.0.0.0:4001
** Starting Rails with development environment...
** Rails loaded.
** Loading any Rails specific GemPlugins
** Signals ready.  TERM => stop.  USR2 => restart.  INT => stop (no restart).
** Rails signals registered.  HUP => reload (without restart).  It might not work well.
** Mongrel 1.1.5 available at 0.0.0.0:4001
** Writing PID file to log/mongrel.pid
